16:54:39.287 [Worker-110] INFO  o.a.AndroidAnnotationProcessor:86 - Initialize AndroidAnnotationProcessor with options {phase=BUILD}
16:54:39.380 [Worker-110] INFO  o.a.AndroidAnnotationProcessor:117 - Start processing for 1 annotations on 3 elements
16:54:39.422 [Worker-110] DEBUG o.a.h.AndroidManifestFinder:137 - AndroidManifest.xml file found in parent folder /Users/matsumoto/git/syatikucaruta: /Users/matsumoto/git/syatikucaruta/AndroidManifest.xml
16:54:39.425 [Worker-110] INFO  o.a.AndroidAnnotationProcessor:180 - AndroidManifest.xml found: AndroidManifest [applicationPackage=jp.co.bequem.syatikucaruta, componentQualifiedNames=[jp.co.bequem.syatikucaruta.MainActivity], permissionQualifiedNames=[], applicationClassName=null, libraryProject=false, debugabble=false, minSdkVersion=8, maxSdkVersion=-1, targetSdkVersion=18]
16:54:39.426 [Worker-110] INFO  o.a.r.ProjectRClassFinder:48 - Found project R class: jp.co.bequem.syatikucaruta.R
16:54:39.432 [Worker-110] INFO  o.a.r.AndroidRClassFinder:44 - Found Android class: android.R
16:54:39.462 [Worker-110] INFO  o.a.p.ModelValidator:42 - Validating elements
16:54:39.463 [Worker-110] DEBUG o.a.p.ModelValidator:62 - Validating with EActivityHandler: [jp.co.bequem.syatikucaruta.MainActivity]
16:54:39.467 [Worker-110] ERROR o.a.h.AnnotationHelper:110 - The AndroidManifest.xml file contains the original component, and not the AndroidAnnotations generated component. Please register MainActivity_ instead of MainActivity
16:54:39.467 [Worker-110] WARN  o.a.p.ModelValidator:69 - Element EActivityHandler unvalidated by 
16:54:39.480 [Worker-110] INFO  o.a.p.ModelProcessor:73 - Processing root elements
16:54:39.480 [Worker-110] INFO  o.a.p.ModelProcessor:104 - Processing enclosed elements
16:54:39.482 [Worker-110] INFO  o.a.AndroidAnnotationProcessor:259 - Number of files generated by AndroidAnnotations: 0
16:54:39.485 [Worker-110] INFO  o.a.g.ApiCodeGenerator:52 - Writting following API classes in project: []
16:54:39.489 [Worker-110] INFO  o.a.p.TimeStats:81 - Time measurements: [Whole Processing = 110 ms], [Extract Annotations = 40 ms], [Find R Classes = 23 ms], [Process Annotations = 13 ms], [Generate Sources = 8 ms], [Validate Annotations = 7 ms], [Extract Manifest = 4 ms], 
16:54:39.489 [Worker-110] INFO  o.a.AndroidAnnotationProcessor:131 - Finish processing
17:04:52.535 [Worker-116] INFO  o.a.AndroidAnnotationProcessor:86 - Initialize AndroidAnnotationProcessor with options {phase=BUILD}
17:21:22.5 [Worker-126] INFO  o.a.AndroidAnnotationProcessor:86 - Initialize AndroidAnnotationProcessor with options {phase=BUILD}
17:21:22.8 [Worker-126] INFO  o.a.AndroidAnnotationProcessor:117 - Start processing for 1 annotations on 2 elements
17:21:22.38 [Worker-126] DEBUG o.a.h.AndroidManifestFinder:137 - AndroidManifest.xml file found in parent folder /Users/matsumoto/git/syatikucaruta: /Users/matsumoto/git/syatikucaruta/AndroidManifest.xml
17:21:22.40 [Worker-126] INFO  o.a.AndroidAnnotationProcessor:180 - AndroidManifest.xml found: AndroidManifest [applicationPackage=jp.co.bequem.syatikucaruta, componentQualifiedNames=[jp.co.bequem.syatikucaruta.MainActivity_], permissionQualifiedNames=[], applicationClassName=null, libraryProject=false, debugabble=false, minSdkVersion=8, maxSdkVersion=-1, targetSdkVersion=18]
17:21:22.41 [Worker-126] INFO  o.a.r.ProjectRClassFinder:48 - Found project R class: jp.co.bequem.syatikucaruta.R
17:21:22.42 [Worker-126] INFO  o.a.r.AndroidRClassFinder:44 - Found Android class: android.R
17:21:22.57 [Worker-126] INFO  o.a.p.ModelValidator:42 - Validating elements
17:21:22.58 [Worker-126] DEBUG o.a.p.ModelValidator:62 - Validating with EActivityHandler: [jp.co.bequem.syatikucaruta.MainActivity]
17:21:22.58 [Worker-126] INFO  o.a.p.ModelProcessor:73 - Processing root elements
17:21:22.59 [Worker-126] DEBUG o.a.p.ModelProcessor:80 - Processing root elements EActivityHandler: [jp.co.bequem.syatikucaruta.MainActivity]
17:21:22.90 [Worker-126] INFO  o.a.p.ModelProcessor:104 - Processing enclosed elements
17:21:22.90 [Worker-126] INFO  o.a.AndroidAnnotationProcessor:259 - Number of files generated by AndroidAnnotations: 1
17:21:22.91 [Worker-126] INFO  o.a.g.ApiCodeGenerator:52 - Writting following API classes in project: []
17:21:22.91 [Worker-126] DEBUG o.a.g.SourceCodewriter:55 - Generating class: jp.co.bequem.syatikucaruta.MainActivity_
17:21:22.110 [Worker-126] INFO  o.a.p.TimeStats:81 - Time measurements: [Whole Processing = 102 ms], [Process Annotations = 32 ms], [Extract Annotations = 29 ms], [Generate Sources = 20 ms], [Find R Classes = 16 ms], [Extract Manifest = 2 ms], [Validate Annotations = 1 ms], 
17:21:22.110 [Worker-126] INFO  o.a.AndroidAnnotationProcessor:131 - Finish processing
